<?xml version="1.0" encoding="UTF-8"?>
<!-- Generated by org.testng.reporters.JUnitXMLReporter -->
<testsuite hostname="DESKTOP-1HEU4UN" ignored="0" name="TC_ID_Verify_Express_Payments_Invalid_OTP_Error_Msg" tests="2" failures="0" timestamp="04 Dec 2019 15:26:40 GMT" time="41.964" errors="0">
  <testcase name="setup" time="0.001" classname="com.Airpay.Tests.TC_ID_Verify_Express_Payments_Invalid_OTP_Error_Msg"/>
  <testcase name="TC_TestCaseName" time="22.059" classname="com.Airpay.Tests.TC_ID_Verify_Express_Payments_Invalid_OTP_Error_Msg"/>
</testsuite> <!-- TC_ID_Verify_Express_Payments_Invalid_OTP_Error_Msg -->
