<?xml version="1.0" encoding="UTF-8"?>
<!-- Generated by org.testng.reporters.JUnitXMLReporter -->
<testsuite hostname="DESKTOP-1HEU4UN" name="TC_ID_MA_Report" tests="3" failures="0" timestamp="16 Mar 2020 07:04:38 GMT" time="170.101" errors="0">
  <testcase name="setup" time="0.023" classname="com.Airpay.Tests.MA_Report"/>
  <testcase name="TC_TestCaseName" time="123.556" classname="com.Airpay.Tests.MA_Report"/>
  <testcase name="delete" time="0.0" classname="com.Airpay.Tests.MA_Report"/>
</testsuite> <!-- TC_ID_MA_Report -->
