<?xml version="1.0" encoding="UTF-8"?>
<!-- Generated by org.testng.reporters.JUnitXMLReporter -->
<testsuite hostname="Parmeshwar-QA" name="TC_ID_Verify_Express_Payments_Invalid_OTP_Error_Msg" tests="2" failures="0" timestamp="19 Feb 2019 09:51:10 GMT" time="22.213" errors="0">
  <testcase name="setup" time="0.0" classname="com.Airpay.Tests.TC_ID_Verify_Express_Payments_Invalid_OTP_Error_Msg"/>
  <testcase name="TC_TestCaseName" time="13.356" classname="com.Airpay.Tests.TC_ID_Verify_Express_Payments_Invalid_OTP_Error_Msg"/>
</testsuite> <!-- TC_ID_Verify_Express_Payments_Invalid_OTP_Error_Msg -->
