<?xml version="1.0" encoding="UTF-8"?>
<!-- Generated by org.testng.reporters.JUnitXMLReporter -->
<testsuite hostname="Parmeshwar-QA" name="TC_PP_03_Verify_when_user_does_not_Pass_Mandatory_Invalid_FirstName" tests="2" failures="0" timestamp="19 Feb 2019 08:50:45 GMT" time="15.543" errors="0">
  <testcase name="setup" time="0.0" classname="com.Airpay.Tests.TC_PP_01"/>
  <testcase name="TC_TestCaseName" time="6.877" classname="com.Airpay.Tests.TC_PP_01"/>
</testsuite> <!-- TC_PP_03_Verify_when_user_does_not_Pass_Mandatory_Invalid_FirstName -->
