<?xml version="1.0" encoding="UTF-8"?>
<!-- Generated by org.testng.reporters.JUnitXMLReporter -->
<testsuite hostname="DESKTOP-1HEU4UN" ignored="0" name="TC_PP_NetBanking_errorValidtion" tests="2" failures="0" timestamp="04 Dec 2019 13:52:25 GMT" time="109.567" errors="0">
  <testcase name="setup" time="0.001" classname="com.Airpay.Tests.TC_PP_NetBanking_errorValidtion"/>
  <testcase name="TC_TestCaseName" time="89.308" classname="com.Airpay.Tests.TC_PP_NetBanking_errorValidtion"/>
</testsuite> <!-- TC_PP_NetBanking_errorValidtion -->
