<?xml version="1.0" encoding="UTF-8"?>
<!-- Generated by org.testng.reporters.JUnitXMLReporter -->
<testsuite hostname="Parmeshwar-QA" name="TC_PaymentPage_Logo_Verify_Instance_10" tests="2" failures="0" timestamp="25 Feb 2019 08:11:13 GMT" time="35.608" errors="0">
  <testcase name="setup" time="0.0" classname="com.Airpay.Tests.TC_PaymentPage_Logo_Verify"/>
  <testcase name="TC_TestCaseName" time="20.123" classname="com.Airpay.Tests.TC_PaymentPage_Logo_Verify"/>
</testsuite> <!-- TC_PaymentPage_Logo_Verify_Instance_10 -->
