<?xml version="1.0" encoding="UTF-8"?>
<!-- Generated by org.testng.reporters.JUnitXMLReporter -->
<testsuite hostname="Parmeshwar-QA" name="TC_PaymentPage_Logo_Verify_Instance_3" tests="2" failures="0" timestamp="25 Feb 2019 09:56:49 GMT" time="27.843" errors="0">
  <testcase name="setup" time="0.004" classname="com.Airpay.Tests.TC_PaymentPage_Logo_Verify"/>
  <testcase name="TC_TestCaseName" time="16.895" classname="com.Airpay.Tests.TC_PaymentPage_Logo_Verify"/>
</testsuite> <!-- TC_PaymentPage_Logo_Verify_Instance_3 -->
