<?xml version="1.0" encoding="UTF-8"?>
<!-- Generated by org.testng.reporters.JUnitXMLReporter -->
<testsuite hostname="Parmeshwar-QA" name="TC_PP_11_verify_Invalid_Credit_Card_Details_with_Messages" tests="2" failures="0" timestamp="19 Feb 2019 08:54:55 GMT" time="42.529" errors="0">
  <testcase name="setup" time="0.0" classname="com.Airpay.Tests.TC_PP_11_Credit_Card"/>
  <testcase name="TC_TestCaseName" time="33.617" classname="com.Airpay.Tests.TC_PP_11_Credit_Card"/>
</testsuite> <!-- TC_PP_11_verify_Invalid_Credit_Card_Details_with_Messages -->
