<?xml version="1.0" encoding="UTF-8"?>
<!-- Generated by org.testng.reporters.JUnitXMLReporter -->
<testsuite hostname="Airpay-PC" ignored="0" name="TC_PP_RTGS_And_NEFT_SuccessTransaction_ErrorMessage" tests="2" failures="0" timestamp="11 Jul 2019 08:24:49 GMT" time="82.4" errors="0">
  <testcase name="setup" time="0.0" classname="com.Airpay.Tests.TC_PP_RTGS_And_NEFT_SuccessTransaction_ErrorMessage"/>
  <testcase name="TC_TestCaseName" time="53.747" classname="com.Airpay.Tests.TC_PP_RTGS_And_NEFT_SuccessTransaction_ErrorMessage"/>
</testsuite> <!-- TC_PP_RTGS_And_NEFT_SuccessTransaction_ErrorMessage -->
