<?xml version="1.0" encoding="UTF-8"?>
<!-- Generated by org.testng.reporters.JUnitXMLReporter -->
<testsuite hostname="DESKTOP-1HEU4UN" ignored="0" name="TC_PP_05_Verify_Channels_With_name" tests="2" failures="0" timestamp="04 Dec 2019 13:42:14 GMT" time="33.264" errors="0">
  <testcase name="setup" time="0.0" classname="com.Airpay.Tests.TC_PP_05"/>
  <testcase name="TC_TestCaseName" time="14.613" classname="com.Airpay.Tests.TC_PP_05"/>
</testsuite> <!-- TC_PP_05_Verify_Channels_With_name -->
