<?xml version="1.0" encoding="UTF-8"?>
<!-- Generated by org.testng.reporters.JUnitXMLReporter -->
<testsuite hostname="DESKTOP-1HEU4UN" ignored="0" name="TC_PP_Transaction_Credit_Card_Successfull_Transaction_Amex" tests="2" failures="0" timestamp="04 Dec 2019 14:52:30 GMT" time="142.901" errors="0">
  <testcase name="setup" time="0.001" classname="com.Airpay.Tests.TC_PP_Moto_Transaction_Credit_Card_Successfull_Transaction"/>
  <testcase name="TC_TestCaseName" time="123.617" classname="com.Airpay.Tests.TC_PP_Moto_Transaction_Credit_Card_Successfull_Transaction"/>
</testsuite> <!-- TC_PP_Transaction_Credit_Card_Successfull_Transaction_Amex -->
