<?xml version="1.0" encoding="UTF-8"?>
<!-- Generated by org.testng.reporters.JUnitXMLReporter -->
<testsuite hostname="DESKTOP-1HEU4UN" ignored="0" name="TC_PP_Cash_MakePayment_PinCodeErrorLine" tests="2" failures="0" timestamp="04 Dec 2019 14:26:57 GMT" time="37.631" errors="0">
  <testcase name="setup" time="0.0" classname="com.Airpay.Tests.TC_PP_Cash_MakePayment_PinCodeErrorLine"/>
  <testcase name="TC_TestCaseName" time="18.021" classname="com.Airpay.Tests.TC_PP_Cash_MakePayment_PinCodeErrorLine"/>
</testsuite> <!-- TC_PP_Cash_MakePayment_PinCodeErrorLine -->
