<?xml version="1.0" encoding="UTF-8"?>
<!-- Generated by org.testng.reporters.JUnitXMLReporter -->
<testsuite hostname="Airpay-PC" ignored="0" name="TC_PP_Moto_Transaction_Debit_Card_Successfull_Transaction" tests="2" failures="0" timestamp="11 Jul 2019 08:41:27 GMT" time="57.699" errors="0">
  <testcase name="setup" time="0.0" classname="com.Airpay.Tests.TC_PP_Moto_Transaction_Debit_Card_Successfull_Transaction"/>
  <testcase name="TC_TestCaseName" time="28.381" classname="com.Airpay.Tests.TC_PP_Moto_Transaction_Debit_Card_Successfull_Transaction"/>
</testsuite> <!-- TC_PP_Moto_Transaction_Debit_Card_Successfull_Transaction -->
