<?xml version="1.0" encoding="UTF-8"?>
<!-- Generated by org.testng.reporters.JUnitXMLReporter -->
<testsuite hostname="DESKTOP-1HEU4UN" ignored="0" name="TC_PP_BharatOR_BarCode_Session_TimeOut_errVerification" tests="2" failures="0" timestamp="04 Dec 2019 15:14:24 GMT" time="249.934" errors="0">
  <testcase name="setup" time="0.0" classname="com.Airpay.Tests.TC_PP_BharatOR_BarCode_Session_TimeOut_errVerification"/>
  <testcase name="TC_TestCaseName" time="230.836" classname="com.Airpay.Tests.TC_PP_BharatOR_BarCode_Session_TimeOut_errVerification"/>
</testsuite> <!-- TC_PP_BharatOR_BarCode_Session_TimeOut_errVerification -->
