<?xml version="1.0" encoding="UTF-8"?>
<!-- Generated by org.testng.reporters.JUnitXMLReporter -->
<testsuite hostname="Parmeshwar-QA" name="TC_PP_EMI_Verify_ErrMsg_for_Invalid_Bank_selection" tests="2" failures="0" timestamp="19 Feb 2019 09:31:33 GMT" time="87.857" errors="0">
  <testcase name="setup" time="0.0" classname="com.Airpay.Tests.TC_PP_EMI_Verify_ErrMsg_for_Invalid_Bank_selection"/>
  <testcase name="TC_TestCaseName" time="79.103" classname="com.Airpay.Tests.TC_PP_EMI_Verify_ErrMsg_for_Invalid_Bank_selection"/>
</testsuite> <!-- TC_PP_EMI_Verify_ErrMsg_for_Invalid_Bank_selection -->
