<?xml version="1.0" encoding="UTF-8"?>
<!-- Generated by org.testng.reporters.JUnitXMLReporter -->
<testsuite hostname="Parmeshwar-QA" name="TC_PP_NetBanking_Selecting_All_Banks" tests="2" failures="0" timestamp="19 Feb 2019 09:13:20 GMT" time="52.702" errors="0">
  <testcase name="setup" time="0.0" classname="com.Airpay.Tests.TC_PP_NetBanking_All_Bank_Name_Access"/>
  <testcase name="TC_TestCaseName" time="43.95" classname="com.Airpay.Tests.TC_PP_NetBanking_All_Bank_Name_Access"/>
</testsuite> <!-- TC_PP_NetBanking_Selecting_All_Banks -->
