<?xml version="1.0" encoding="UTF-8"?>
<!-- Generated by org.testng.reporters.JUnitXMLReporter -->
<testsuite hostname="Parmeshwar-QA" name="TC_PP_06_Verify_OrderID_and_Trnasaction_Aamount" tests="2" failures="0" timestamp="19 Feb 2019 08:52:02 GMT" time="18.629" errors="0">
  <testcase name="setup" time="0.0" classname="com.Airpay.Tests.TC_PP_07"/>
  <testcase name="TC_TestCaseName" time="9.77" classname="com.Airpay.Tests.TC_PP_07"/>
</testsuite> <!-- TC_PP_06_Verify_OrderID_and_Trnasaction_Aamount -->
