<?xml version="1.0" encoding="UTF-8"?>
<!-- Generated by org.testng.reporters.JUnitXMLReporter -->
<testsuite hostname="Airpay-PC" ignored="0" name="TC_PP_09_Verify_AMEX_Credit_Red_line_errors" tests="2" failures="0" timestamp="11 Jul 2019 08:06:15 GMT" time="52.045" errors="0">
  <testcase name="setup" time="0.0" classname="com.Airpay.Tests.TC_PP_09_Amex_Credit_Card"/>
  <testcase name="TC_TestCaseName" time="23.155" classname="com.Airpay.Tests.TC_PP_09_Amex_Credit_Card"/>
</testsuite> <!-- TC_PP_09_Verify_AMEX_Credit_Red_line_errors -->
