<?xml version="1.0" encoding="UTF-8"?>
<!-- Generated by org.testng.reporters.JUnitXMLReporter -->
<testsuite hostname="Parmeshwar-QA" name="TC_PP_EMI_Invalid_Credit_Card_Details" tests="2" failures="0" timestamp="19 Feb 2019 09:30:05 GMT" time="87.531" errors="0">
  <testcase name="setup" time="0.0" classname="com.Airpay.Tests.TC_PP_EMI_Invalid_Credit_Card_Number_errMsg"/>
  <testcase name="TC_TestCaseName" time="78.744" classname="com.Airpay.Tests.TC_PP_EMI_Invalid_Credit_Card_Number_errMsg"/>
</testsuite> <!-- TC_PP_EMI_Invalid_Credit_Card_Details -->
