<?xml version="1.0" encoding="UTF-8"?>
<!-- Generated by org.testng.reporters.JUnitXMLReporter -->
<testsuite hostname="Parmeshwar-QA" name="TC_PP_NetBanking_errorValidtion" tests="2" failures="0" timestamp="21 Feb 2019 12:17:53 GMT" time="35.063" errors="0">
  <testcase name="setup" time="0.0" classname="com.Airpay.Tests.TC_PP_NetBanking_errorValidtion"/>
  <testcase name="TC_TestCaseName" time="24.318" classname="com.Airpay.Tests.TC_PP_NetBanking_errorValidtion"/>
</testsuite> <!-- TC_PP_NetBanking_errorValidtion -->
