<?xml version="1.0" encoding="UTF-8"?>
<!-- Generated by org.testng.reporters.JUnitXMLReporter -->
<testsuite hostname="Parmeshwar-QA" name="TC_PP_BharatOR_BarCode_Cross_btn_errVerification" tests="2" failures="0" timestamp="25 Mar 2019 12:33:13 GMT" time="120.109" errors="0">
  <testcase name="setup" time="0.0" classname="com.Airpay.Tests.TC_PP_BharatOR_BarCode_CrossBtn_Error_verification"/>
  <testcase name="TC_TestCaseName" time="111.418" classname="com.Airpay.Tests.TC_PP_BharatOR_BarCode_CrossBtn_Error_verification"/>
</testsuite> <!-- TC_PP_BharatOR_BarCode_Cross_btn_errVerification -->
