<?xml version="1.0" encoding="UTF-8"?>
<!-- Generated by org.testng.reporters.JUnitXMLReporter -->
<testsuite hostname="Parmeshwar-QA" name="TC_PP_SandBox_Transaction_Debit_Card_failed_Transaction" tests="2" failures="0" timestamp="22 Feb 2019 04:42:10 GMT" time="90.51" errors="0">
  <testcase name="setup" time="0.0" classname="com.Airpay.Tests.TC_PP_Moto_Transaction_Debit_Card_failed_Transaction"/>
  <testcase name="TC_TestCaseName" time="79.744" classname="com.Airpay.Tests.TC_PP_Moto_Transaction_Debit_Card_failed_Transaction"/>
</testsuite> <!-- TC_PP_SandBox_Transaction_Debit_Card_failed_Transaction -->
