<?xml version="1.0" encoding="UTF-8"?>
<!-- Generated by org.testng.reporters.JUnitXMLReporter -->
<testsuite hostname="Parmeshwar-QA" name="TC_PP_Wallet_Navigation_page" tests="2" failures="0" timestamp="19 Feb 2019 09:11:37 GMT" time="36.24" errors="0">
  <testcase name="setup" time="0.0" classname="com.Airpay.Tests.TC_PP_Wallet_Navigation_page"/>
  <testcase name="TC_TestCaseName" time="27.499" classname="com.Airpay.Tests.TC_PP_Wallet_Navigation_page"/>
</testsuite> <!-- TC_PP_Wallet_Navigation_page -->
