<?xml version="1.0" encoding="UTF-8"?>
<!-- Generated by org.testng.reporters.JUnitXMLReporter -->
<testsuite hostname="Airpay-PC" ignored="0" name="TC_PP_PaytmChannel_Session_Cancel_Popup_ErrorMessage" tests="2" failures="0" timestamp="11 Jul 2019 09:12:13 GMT" time="119.439" errors="0">
  <testcase name="setup" time="0.001" classname="com.Airpay.Tests.TC_PP_PaytmChannel_Session_Cancel_Popup_ErrorMessage"/>
  <testcase name="TC_TestCaseName" time="89.903" classname="com.Airpay.Tests.TC_PP_PaytmChannel_Session_Cancel_Popup_ErrorMessage"/>
</testsuite> <!-- TC_PP_PaytmChannel_Session_Cancel_Popup_ErrorMessage -->
