<?xml version="1.0" encoding="UTF-8"?>
<!-- Generated by org.testng.reporters.JUnitXMLReporter -->
<testsuite hostname="Parmeshwar-QA" name="TC_PP_Debit_Card_logo_Appearance" tests="2" failures="0" timestamp="19 Feb 2019 09:07:41 GMT" time="87.852" errors="0">
  <testcase name="setup" time="0.0" classname="com.Airpay.Tests.TC_PP_Debit_Card_logo_Appearance"/>
  <testcase name="TC_TestCaseName" time="79.024" classname="com.Airpay.Tests.TC_PP_Debit_Card_logo_Appearance"/>
</testsuite> <!-- TC_PP_Debit_Card_logo_Appearance -->
