<?xml version="1.0" encoding="UTF-8"?>
<!-- Generated by org.testng.reporters.JUnitXMLReporter -->
<testsuite hostname="DESKTOP-1HEU4UN" ignored="0" name="TC_PP_UPI_Session_Cancel_Popup_ErrorMessage_NewDesign" tests="2" failures="0" timestamp="08 Jan 2020 10:42:00 GMT" time="411.744" errors="0">
  <testcase name="setup" time="0.008" classname="com.Airpay.Tests.TC_PP_valid_UPI_Session_Cancel_popup_ErrMsg"/>
  <testcase name="TC_TestCaseName" time="387.813" classname="com.Airpay.Tests.TC_PP_valid_UPI_Session_Cancel_popup_ErrMsg"/>
</testsuite> <!-- TC_PP_UPI_Session_Cancel_Popup_ErrorMessage_NewDesign -->
