<?xml version="1.0" encoding="UTF-8"?>
<!-- Generated by org.testng.reporters.JUnitXMLReporter -->
<testsuite hostname="Airpay-PC" ignored="0" name="TC_PP_RTGS_And_NEFT_SuccessTransaction" tests="2" failures="0" timestamp="11 Jul 2019 08:23:27 GMT" time="140.955" errors="0">
  <testcase name="setup" time="0.0" classname="com.Airpay.Tests.TC_PP_RTGS_And_NEFT_SuccessTransaction"/>
  <testcase name="TC_TestCaseName" time="112.221" classname="com.Airpay.Tests.TC_PP_RTGS_And_NEFT_SuccessTransaction"/>
</testsuite> <!-- TC_PP_RTGS_And_NEFT_SuccessTransaction -->
