<?xml version="1.0" encoding="UTF-8"?>
<!-- Generated by org.testng.reporters.JUnitXMLReporter -->
<testsuite hostname="Parmeshwar-QA" name="TC_PP_NetBanking_Banking_popular_bank_verification" tests="2" failures="0" timestamp="25 Mar 2019 12:17:21 GMT" time="26.315" errors="0">
  <testcase name="setup" time="0.0" classname="com.Airpay.Tests.TC_PP_NetBanking_Banking_popular_bank_verification"/>
  <testcase name="TC_TestCaseName" time="15.559" classname="com.Airpay.Tests.TC_PP_NetBanking_Banking_popular_bank_verification"/>
</testsuite> <!-- TC_PP_NetBanking_Banking_popular_bank_verification -->
