<?xml version="1.0" encoding="UTF-8"?>
<!-- Generated by org.testng.reporters.JUnitXMLReporter -->
<testsuite hostname="Parmeshwar-QA" name="TC_PP_10_Verify_all_madatory_redLine_Errors" tests="2" failures="0" timestamp="25 Mar 2019 11:48:03 GMT" time="18.873" errors="0">
  <testcase name="setup" time="0.0" classname="com.Airpay.Tests.TC_PP_10"/>
  <testcase name="TC_TestCaseName" time="10.113" classname="com.Airpay.Tests.TC_PP_10"/>
</testsuite> <!-- TC_PP_10_Verify_all_madatory_redLine_Errors -->
