<?xml version="1.0" encoding="UTF-8"?>
<!-- Generated by org.testng.reporters.JUnitXMLReporter -->
<testsuite hostname="Parmeshwar-QA" name="TC_PP_11_Verify_Invalid_Debit_Card_Detsils_with_Error_Messages" tests="2" failures="0" timestamp="25 Mar 2019 11:49:23 GMT" time="39.983" errors="0">
  <testcase name="setup" time="0.0" classname="com.Airpay.Tests.TC_PP_11_Debit_Card"/>
  <testcase name="TC_TestCaseName" time="31.265" classname="com.Airpay.Tests.TC_PP_11_Debit_Card"/>
</testsuite> <!-- TC_PP_11_Verify_Invalid_Debit_Card_Detsils_with_Error_Messages -->
