<?xml version="1.0" encoding="UTF-8"?>
<!-- Generated by org.testng.reporters.JUnitXMLReporter -->
<testsuite hostname="Parmeshwar-QA" name="TC_PP_Amazon_Pay_TestCase" tests="2" failures="0" timestamp="19 Feb 2019 09:43:24 GMT" time="87.398" errors="0">
  <testcase name="setup" time="0.0" classname="com.Airpay.Tests.TC_PP_Amazon_Pay_TestCase"/>
  <testcase name="TC_TestCaseName" time="78.592" classname="com.Airpay.Tests.TC_PP_Amazon_Pay_TestCase"/>
</testsuite> <!-- TC_PP_Amazon_Pay_TestCase -->
