<?xml version="1.0" encoding="UTF-8"?>
<!-- Generated by org.testng.reporters.JUnitXMLReporter -->
<testsuite hostname="Airpay-PC" ignored="0" name="TC_PP_PaytmChannel_Session_TimeOut_ErrorMesg" tests="2" failures="0" timestamp="11 Jul 2019 09:10:13 GMT" time="121.608" errors="0">
  <testcase name="setup" time="0.0" classname="com.Airpay.Tests.TC_PP_PaytmChannel_Session_TimeOut_ErrorMesg"/>
  <testcase name="TC_TestCaseName" time="90.308" classname="com.Airpay.Tests.TC_PP_PaytmChannel_Session_TimeOut_ErrorMesg"/>
</testsuite> <!-- TC_PP_PaytmChannel_Session_TimeOut_ErrorMesg -->
