<?xml version="1.0" encoding="UTF-8"?>
<!-- Generated by org.testng.reporters.JUnitXMLReporter -->
<testsuite hostname="Parmeshwar-QA" name="TC_PP_17_Credit_Card_MasterCard" tests="2" failures="0" timestamp="25 Mar 2019 12:13:40 GMT" time="45.587" errors="0">
  <testcase name="setup" time="0.0" classname="com.Airpay.Tests.TC_PP_17_Credit_Card"/>
  <testcase name="TC_TestCaseName" time="36.892" classname="com.Airpay.Tests.TC_PP_17_Credit_Card"/>
</testsuite> <!-- TC_PP_17_Credit_Card_MasterCard -->
