<?xml version="1.0" encoding="UTF-8"?>
<!-- Generated by org.testng.reporters.JUnitXMLReporter -->
<testsuite hostname="DESKTOP-1HEU4UN" ignored="0" name="TC_PP_09_Verify_Credit_Card_Red_line_Errors" tests="2" failures="0" timestamp="04 Dec 2019 13:42:55 GMT" time="40.887" errors="0">
  <testcase name="setup" time="0.001" classname="com.Airpay.Tests.TC_PP_09_Credit_Card"/>
  <testcase name="TC_TestCaseName" time="22.631" classname="com.Airpay.Tests.TC_PP_09_Credit_Card"/>
</testsuite> <!-- TC_PP_09_Verify_Credit_Card_Red_line_Errors -->
