<?xml version="1.0" encoding="UTF-8"?>
<!-- Generated by org.testng.reporters.JUnitXMLReporter -->
<testsuite hostname="Parmeshwar-QA" name="TC_PP_09_Verify_AMEX_Credit_Red_line_errors" tests="2" failures="0" timestamp="30 May 2019 09:49:34 GMT" time="229.356" errors="0">
  <testcase name="setup" time="0.0" classname="com.Airpay.Tests.TC_PP_09_Amex_Credit_Card"/>
  <testcase name="TC_TestCaseName" time="226.888" classname="com.Airpay.Tests.TC_PP_09_Amex_Credit_Card"/>
</testsuite> <!-- TC_PP_09_Verify_AMEX_Credit_Red_line_errors -->
