<?xml version="1.0" encoding="UTF-8"?>
<!-- Generated by org.testng.reporters.JUnitXMLReporter -->
<testsuite hostname="Parmeshwar-QA" name="TC_PP_NetBanking_Banking_popular_bank_verification" tests="2" failures="0" timestamp="20 Feb 2019 06:52:46 GMT" time="22.626" errors="0">
  <testcase name="setup" time="0.0" classname="com.Airpay.Tests.TC_PP_NetBanking_Banking_popular_bank_verification"/>
  <testcase name="TC_TestCaseName" time="14.0" classname="com.Airpay.Tests.TC_PP_NetBanking_Banking_popular_bank_verification"/>
</testsuite> <!-- TC_PP_NetBanking_Banking_popular_bank_verification -->
