<?xml version="1.0" encoding="UTF-8"?>
<!-- Generated by org.testng.reporters.JUnitXMLReporter -->
<testsuite hostname="Parmeshwar-QA" name="TC_PP_12_verify_Indian_card_ErrorMessages" tests="2" failures="0" timestamp="21 Feb 2019 12:14:23 GMT" time="90.419" errors="0">
  <testcase name="setup" time="0.0" classname="com.Airpay.Tests.TC_PP_12"/>
  <testcase name="TC_TestCaseName" time="79.537" classname="com.Airpay.Tests.TC_PP_12"/>
</testsuite> <!-- TC_PP_12_verify_Indian_card_ErrorMessages -->
