<?xml version="1.0" encoding="UTF-8"?>
<!-- Generated by org.testng.reporters.JUnitXMLReporter -->
<testsuite hostname="DESKTOP-1HEU4UN" ignored="0" name="TC_PP_Cash_MakePayment" tests="2" failures="0" timestamp="04 Dec 2019 14:26:19 GMT" time="62.109" errors="0">
  <testcase name="setup" time="0.0" classname="com.Airpay.Tests.TC_PP_Cash_MakePayment"/>
  <testcase name="TC_TestCaseName" time="41.677" classname="com.Airpay.Tests.TC_PP_Cash_MakePayment"/>
</testsuite> <!-- TC_PP_Cash_MakePayment -->
