<?xml version="1.0" encoding="UTF-8"?>
<!-- Generated by org.testng.reporters.JUnitXMLReporter -->
<testsuite hostname="Parmeshwar-QA" name="TC_PP_01_Verify_when_user_does_not_Pass_Amount" tests="2" failures="0" timestamp="13 Feb 2019 05:21:47 GMT" time="18.603" errors="0">
  <testcase name="setup" time="0.015" classname="com.Airpay.Tests.TC_PP_01"/>
  <testcase name="TC_TestCaseName" time="5.336" classname="com.Airpay.Tests.TC_PP_01"/>
</testsuite> <!-- TC_PP_01_Verify_when_user_does_not_Pass_Amount -->
