<?xml version="1.0" encoding="UTF-8"?>
<!-- Generated by org.testng.reporters.JUnitXMLReporter -->
<testsuite hostname="Parmeshwar-QA" name="TC_PP_PaytmChannel_UPI_Success_Transaction" tests="2" failures="0" timestamp="19 Feb 2019 09:49:24 GMT" time="90.453" errors="0">
  <testcase name="setup" time="0.0" classname="com.Airpay.Tests.TC_PP_PaytmChannel_UPI_Success_Transaction"/>
  <testcase name="TC_TestCaseName" time="79.56" classname="com.Airpay.Tests.TC_PP_PaytmChannel_UPI_Success_Transaction"/>
</testsuite> <!-- TC_PP_PaytmChannel_UPI_Success_Transaction -->
