<?xml version="1.0" encoding="UTF-8"?>
<!-- Generated by org.testng.reporters.JUnitXMLReporter -->
<testsuite hostname="Airpay-PC" ignored="0" name="TC_PP_Cash_MakePayment" tests="2" failures="0" timestamp="12 Jul 2019 10:13:36 GMT" time="130.049" errors="0">
  <testcase name="setup" time="0.021" classname="com.Airpay.Tests.TC_PP_Cash_MakePayment"/>
  <testcase name="TC_TestCaseName" time="99.597" classname="com.Airpay.Tests.TC_PP_Cash_MakePayment"/>
</testsuite> <!-- TC_PP_Cash_MakePayment -->
