<?xml version="1.0" encoding="UTF-8"?>
<!-- Generated by org.testng.reporters.JUnitXMLReporter -->
<testsuite hostname="Parmeshwar-QA" name="TC_PP_Wallet_Banking_popular_wallet_verifying" tests="2" failures="0" timestamp="22 Feb 2019 04:28:58 GMT" time="30.401" errors="0">
  <testcase name="setup" time="0.0" classname="com.Airpay.Tests.TC_PP_Wallet_Banking_popular_wallet_verifying"/>
  <testcase name="TC_TestCaseName" time="21.677" classname="com.Airpay.Tests.TC_PP_Wallet_Banking_popular_wallet_verifying"/>
</testsuite> <!-- TC_PP_Wallet_Banking_popular_wallet_verifying -->
