<?xml version="1.0" encoding="UTF-8"?>
<!-- Generated by org.testng.reporters.JUnitXMLReporter -->
<testsuite hostname="Parmeshwar-QA" name="TC_PP_PaytmChannel_Transaction_Decline_ErrorMessage" tests="2" failures="0" timestamp="22 Feb 2019 05:02:59 GMT" time="87.747" errors="0">
  <testcase name="setup" time="0.0" classname="com.Airpay.Tests.TC_PP_PaytmChannel_Transaction_Decline_ErrorMessage"/>
  <testcase name="TC_TestCaseName" time="79.115" classname="com.Airpay.Tests.TC_PP_PaytmChannel_Transaction_Decline_ErrorMessage"/>
</testsuite> <!-- TC_PP_PaytmChannel_Transaction_Decline_ErrorMessage -->
