<?xml version="1.0" encoding="UTF-8"?>
<!-- Generated by org.testng.reporters.JUnitXMLReporter -->
<testsuite hostname="Airpay-PC" ignored="0" name="TC_PP_12_verify_Indian_card_ErrorMessages" tests="2" failures="0" timestamp="11 Jul 2019 08:10:45 GMT" time="55.376" errors="0">
  <testcase name="setup" time="0.0" classname="com.Airpay.Tests.TC_PP_12"/>
  <testcase name="TC_TestCaseName" time="26.672" classname="com.Airpay.Tests.TC_PP_12"/>
</testsuite> <!-- TC_PP_12_verify_Indian_card_ErrorMessages -->
