<?xml version="1.0" encoding="UTF-8"?>
<!-- Generated by org.testng.reporters.JUnitXMLReporter -->
<testsuite hostname="Airpay-PC" ignored="0" name="TC_PP_Virtual_Account_Success_transaction_testcase" tests="2" failures="0" timestamp="11 Jul 2019 09:06:58 GMT" time="121.882" errors="0">
  <testcase name="setup" time="0.0" classname="com.Airpay.Tests.TC_PP_Virtual_Account_Success_transaction_testcase"/>
  <testcase name="TC_TestCaseName" time="90.021" classname="com.Airpay.Tests.TC_PP_Virtual_Account_Success_transaction_testcase"/>
</testsuite> <!-- TC_PP_Virtual_Account_Success_transaction_testcase -->
