<?xml version="1.0" encoding="UTF-8"?>
<!-- Generated by org.testng.reporters.JUnitXMLReporter -->
<testsuite hostname="Parmeshwar-QA" name="TC_PP_BharatOR_BarCode_img_verification_1000.00" tests="2" failures="0" timestamp="28 Jan 2019 09:41:10 GMT" time="36.519" errors="0">
  <testcase name="setup" time="0.001" classname="com.Airpay.Tests.TC_PP_BharatOR_BarCode_img_verification"/>
  <testcase name="TC_TestCaseName" time="27.78" classname="com.Airpay.Tests.TC_PP_BharatOR_BarCode_img_verification"/>
</testsuite> <!-- TC_PP_BharatOR_BarCode_img_verification_1000.00 -->
