<?xml version="1.0" encoding="UTF-8"?>
<!-- Generated by org.testng.reporters.JUnitXMLReporter -->
<testsuite hostname="DESKTOP-1HEU4UN" ignored="0" name="TC_PP_17_Credit_Card_MasterCard" tests="2" failures="0" timestamp="04 Dec 2019 14:32:43 GMT" time="71.965" errors="0">
  <testcase name="setup" time="0.0" classname="com.Airpay.Tests.TC_PP_17_Credit_Card"/>
  <testcase name="TC_TestCaseName" time="51.995" classname="com.Airpay.Tests.TC_PP_17_Credit_Card"/>
</testsuite> <!-- TC_PP_17_Credit_Card_MasterCard -->
