<?xml version="1.0" encoding="UTF-8"?>
<!-- Generated by org.testng.reporters.JUnitXMLReporter -->
<testsuite hostname="Parmeshwar-QA" name="TC_PP_Wallet_Previous_Selected_Popular_wallet" tests="2" failures="0" timestamp="30 May 2019 08:03:46 GMT" time="31.494" errors="0">
  <testcase name="setup" time="0.0" classname="com.Airpay.Tests.TC_PP_Wallet_Previous_Selected_Popular_wallet"/>
  <testcase name="TC_TestCaseName" time="28.42" classname="com.Airpay.Tests.TC_PP_Wallet_Previous_Selected_Popular_wallet"/>
</testsuite> <!-- TC_PP_Wallet_Previous_Selected_Popular_wallet -->
