<?xml version="1.0" encoding="UTF-8"?>
<!-- Generated by org.testng.reporters.JUnitXMLReporter -->
<testsuite hostname="DESKTOP-1HEU4UN" ignored="0" name="TC_PP_10_Verify_all_madatory_redLine_Errors" tests="2" failures="0" timestamp="04 Dec 2019 13:46:05 GMT" time="96.804" errors="0">
  <testcase name="setup" time="0.001" classname="com.Airpay.Tests.TC_PP_10"/>
  <testcase name="TC_TestCaseName" time="78.38" classname="com.Airpay.Tests.TC_PP_10"/>
</testsuite> <!-- TC_PP_10_Verify_all_madatory_redLine_Errors -->
