<?xml version="1.0" encoding="UTF-8"?>
<!-- Generated by org.testng.reporters.JUnitXMLReporter -->
<testsuite hostname="Parmeshwar-QA" name="TC_PP_NetBanking_Specific_Bank_page_validations" tests="2" failures="0" timestamp="19 Feb 2019 08:58:23 GMT" time="40.157" errors="0">
  <testcase name="setup" time="0.0" classname="com.Airpay.Tests.TC_PP_NetBanking_Specific_Bank_page_validations"/>
  <testcase name="TC_TestCaseName" time="29.222" classname="com.Airpay.Tests.TC_PP_NetBanking_Specific_Bank_page_validations"/>
</testsuite> <!-- TC_PP_NetBanking_Specific_Bank_page_validations -->
