<?xml version="1.0" encoding="UTF-8"?>
<!-- Generated by org.testng.reporters.JUnitXMLReporter -->
<testsuite hostname="Parmeshwar-QA" name="TC_PP_Virtual_Account_Success_transaction_testcase" tests="2" failures="0" timestamp="19 Feb 2019 09:41:56 GMT" time="90.137" errors="0">
  <testcase name="setup" time="0.0" classname="com.Airpay.Tests.TC_PP_Virtual_Account_Success_transaction_testcase"/>
  <testcase name="TC_TestCaseName" time="79.299" classname="com.Airpay.Tests.TC_PP_Virtual_Account_Success_transaction_testcase"/>
</testsuite> <!-- TC_PP_Virtual_Account_Success_transaction_testcase -->
