<?xml version="1.0" encoding="UTF-8"?>
<!-- Generated by org.testng.reporters.JUnitXMLReporter -->
<testsuite hostname="Parmeshwar-QA" name="TC_PP_AmexeZeClick_Testcase" tests="2" failures="0" timestamp="25 Mar 2019 12:39:59 GMT" time="100.26" errors="0">
  <testcase name="setup" time="0.0" classname="com.Airpay.Tests.TC_PP_AmexeZeClick_Testcase"/>
  <testcase name="TC_TestCaseName" time="91.43" classname="com.Airpay.Tests.TC_PP_AmexeZeClick_Testcase"/>
</testsuite> <!-- TC_PP_AmexeZeClick_Testcase -->
