<?xml version="1.0" encoding="UTF-8"?>
<!-- Generated by org.testng.reporters.JUnitXMLReporter -->
<testsuite hostname="Parmeshwar-QA" name="TC_PP_09_Verify_Credit_Card_Red_line_Errors" tests="2" failures="0" timestamp="25 Mar 2019 11:46:36 GMT" time="33.545" errors="0">
  <testcase name="setup" time="0.001" classname="com.Airpay.Tests.TC_PP_09_Credit_Card"/>
  <testcase name="TC_TestCaseName" time="22.64" classname="com.Airpay.Tests.TC_PP_09_Credit_Card"/>
</testsuite> <!-- TC_PP_09_Verify_Credit_Card_Red_line_Errors -->
