<?xml version="1.0" encoding="UTF-8"?>
<!-- Generated by org.testng.reporters.JUnitXMLReporter -->
<testsuite hostname="Parmeshwar-QA" name="TC_PP_Debit_Card_logo_Appearance" tests="2" failures="0" timestamp="30 May 2019 10:27:53 GMT" time="114.702" errors="0">
  <testcase name="setup" time="0.0" classname="com.Airpay.Tests.TC_PP_Debit_Card_logo_Appearance"/>
  <testcase name="TC_TestCaseName" time="112.369" classname="com.Airpay.Tests.TC_PP_Debit_Card_logo_Appearance"/>
</testsuite> <!-- TC_PP_Debit_Card_logo_Appearance -->
