<?xml version="1.0" encoding="UTF-8"?>
<!-- Generated by org.testng.reporters.JUnitXMLReporter -->
<testsuite hostname="DESKTOP-1HEU4UN" ignored="0" name="TC_PP_13_Credit_Card" tests="2" failures="0" timestamp="04 Dec 2019 13:49:39 GMT" time="53.234" errors="0">
  <testcase name="setup" time="0.0" classname="com.Airpay.Tests.TC_PP_13_Credit_Card"/>
  <testcase name="TC_TestCaseName" time="34.991" classname="com.Airpay.Tests.TC_PP_13_Credit_Card"/>
</testsuite> <!-- TC_PP_13_Credit_Card -->
