<?xml version="1.0" encoding="UTF-8"?>
<!-- Generated by org.testng.reporters.JUnitXMLReporter -->
<testsuite hostname="Parmeshwar-QA" name="TC_Verify_Surcharge_Mode_On_OFF" tests="2" failures="0" timestamp="21 Feb 2019 12:02:52 GMT" time="73.593" errors="0">
  <testcase name="setup" time="0.003" classname="com.Airpay.Tests.TC_Verify_Surcharge_Mode_On_OFF"/>
  <testcase name="TC_TestCaseName" time="64.224" classname="com.Airpay.Tests.TC_Verify_Surcharge_Mode_On_OFF"/>
</testsuite> <!-- TC_Verify_Surcharge_Mode_On_OFF -->
