<?xml version="1.0" encoding="UTF-8"?>
<testng-results skipped="0" failed="0" total="3" passed="3">
  <reporter-output>
  </reporter-output>
  <suite name="Airpay" duration-ms="170101" started-at="2020-03-16T07:01:48Z" finished-at="2020-03-16T07:04:38Z">
    <groups>
    </groups>
    <test name="TC_ID_MA_Report" duration-ms="170101" started-at="2020-03-16T07:01:48Z" finished-at="2020-03-16T07:04:38Z">
      <class name="com.Airpay.Tests.MA_Report">
        <test-method status="PASS" signature="initializeTestBaseSetup(java.lang.String, java.lang.String, java.lang.String)[pri:0, instance:com.Airpay.Tests.MA_Report@6bf08014]" name="initializeTestBaseSetup" is-config="true" duration-ms="46273" started-at="2020-03-16T12:31:48Z" finished-at="2020-03-16T12:32:34Z">
          <params>
            <param index="0">
              <value>
                <![CDATA[CHROME]]>
              </value>
            </param>
            <param index="1">
              <value>
                <![CDATA[https://ma.airpay.co.in/]]>
              </value>
            </param>
            <param index="2">
              <value>
                <![CDATA[TC_ID_MA_Report]]>
              </value>
            </param>
          </params>
          <reporter-output>
          </reporter-output>
        </test-method> <!-- initializeTestBaseSetup -->
        <test-method status="PASS" signature="setup()[pri:1, instance:com.Airpay.Tests.MA_Report@6bf08014]" name="setup" duration-ms="23" started-at="2020-03-16T12:32:34Z" finished-at="2020-03-16T12:32:34Z">
          <reporter-output>
          </reporter-output>
        </test-method> <!-- setup -->
        <test-method status="PASS" signature="TC_TestCaseName()[pri:2, instance:com.Airpay.Tests.MA_Report@6bf08014]" name="TC_TestCaseName" duration-ms="123556" started-at="2020-03-16T12:32:34Z" finished-at="2020-03-16T12:34:38Z">
          <reporter-output>
          </reporter-output>
        </test-method> <!-- TC_TestCaseName -->
        <test-method status="PASS" signature="delete()[pri:3, instance:com.Airpay.Tests.MA_Report@6bf08014]" name="delete" duration-ms="0" started-at="2020-03-16T12:34:38Z" finished-at="2020-03-16T12:34:38Z">
          <reporter-output>
          </reporter-output>
        </test-method> <!-- delete -->
        <test-method status="PASS" signature="tearDown()[pri:0, instance:com.Airpay.Tests.MA_Report@6bf08014]" name="tearDown" is-config="true" duration-ms="243" started-at="2020-03-16T12:34:38Z" finished-at="2020-03-16T12:34:38Z">
          <reporter-output>
          </reporter-output>
        </test-method> <!-- tearDown -->
      </class> <!-- com.Airpay.Tests.MA_Report -->
    </test> <!-- TC_ID_MA_Report -->
  </suite> <!-- Airpay -->
</testng-results>
