<?xml version="1.0" encoding="UTF-8"?>
<testng-results skipped="0" failed="0" total="2" passed="2">
  <reporter-output>
  </reporter-output>
  <suite name="Airpay" duration-ms="39627" started-at="2019-02-19T09:51:31Z" finished-at="2019-02-19T09:52:11Z">
    <groups>
    </groups>
    <test name="TC_ID_Verify_Express_Payments_Forgot_Password_link_Sent" duration-ms="39627" started-at="2019-02-19T09:51:31Z" finished-at="2019-02-19T09:52:11Z">
      <class name="com.Airpay.Tests.TC_ID_Verify_Express_Payments_Forgot_Password_link_Sent">
        <test-method status="PASS" signature="initializeTestBaseSetup(java.lang.String, java.lang.String, java.lang.String)[pri:0, instance:com.Airpay.Tests.TC_ID_Verify_Express_Payments_Forgot_Password_link_Sent@1a243064]" name="initializeTestBaseSetup" is-config="true" duration-ms="8525" started-at="2019-02-19T15:21:31Z" finished-at="2019-02-19T15:21:40Z">
          <params>
            <param index="0">
              <value>
                <![CDATA[CHROME]]>
              </value>
            </param>
            <param index="1">
              <value>
                <![CDATA[http://localhost/airpay_php/transaction.html]]>
              </value>
            </param>
            <param index="2">
              <value>
                <![CDATA[TC_ID_Verify_Express_Payments_Forgot_Password_link_Sent]]>
              </value>
            </param>
          </params>
          <reporter-output>
          </reporter-output>
        </test-method> <!-- initializeTestBaseSetup -->
        <test-method status="PASS" signature="TC_TestCaseName()[pri:2, instance:com.Airpay.Tests.TC_ID_Verify_Express_Payments_Forgot_Password_link_Sent@1a243064]" name="TC_TestCaseName" duration-ms="30799" started-at="2019-02-19T15:21:40Z" finished-at="2019-02-19T15:22:11Z">
          <reporter-output>
          </reporter-output>
        </test-method> <!-- TC_TestCaseName -->
        <test-method status="PASS" signature="setup()[pri:1, instance:com.Airpay.Tests.TC_ID_Verify_Express_Payments_Forgot_Password_link_Sent@1a243064]" name="setup" duration-ms="0" started-at="2019-02-19T15:21:40Z" finished-at="2019-02-19T15:21:40Z">
          <reporter-output>
          </reporter-output>
        </test-method> <!-- setup -->
        <test-method status="PASS" signature="tearDown()[pri:0, instance:com.Airpay.Tests.TC_ID_Verify_Express_Payments_Forgot_Password_link_Sent@1a243064]" name="tearDown" is-config="true" duration-ms="302" started-at="2019-02-19T15:22:11Z" finished-at="2019-02-19T15:22:11Z">
          <reporter-output>
          </reporter-output>
        </test-method> <!-- tearDown -->
      </class> <!-- com.Airpay.Tests.TC_ID_Verify_Express_Payments_Forgot_Password_link_Sent -->
    </test> <!-- TC_ID_Verify_Express_Payments_Forgot_Password_link_Sent -->
  </suite> <!-- Airpay -->
</testng-results>
